2024-08-24 17:38:53,211 INFO org.hibernate.validator.internal.util.Version [background-preinit] HV000001: Hibernate Validator 6.2.5.Final
2024-08-24 17:38:53,211 INFO org.springframework.boot.StartupInfoLogger [restartedMain] Starting Application using Java 1.8.0_422 on marwen-B450M-DS3H with PID 623487 (/home/marwen/Documents/PC_DESKTOP/Documents/2MPFAVD/THESIS/rayen/backend/spring/DAILY/target/classes started by marwen in /home/marwen/Documents/PC_DESKTOP/Documents/2MPFAVD/THESIS/rayen/backend/spring/DAILY)
2024-08-24 17:38:53,213 INFO org.springframework.boot.SpringApplication [restartedMain] No active profile set, falling back to 1 default profile: "default"
2024-08-24 17:38:53,239 INFO org.springframework.boot.logging.DeferredLog [restartedMain] Devtools property defaults active! Set 'spring.devtools.add-properties' to 'false' to disable
2024-08-24 17:38:53,240 INFO org.springframework.boot.logging.DeferredLog [restartedMain] For additional web related logging consider setting the 'logging.level.web' property to 'DEBUG'
2024-08-24 17:38:53,755 INFO org.springframework.data.repository.config.RepositoryConfigurationDelegate [restartedMain] Bootstrapping Spring Data MongoDB repositories in DEFAULT mode.
2024-08-24 17:38:53,795 INFO org.springframework.data.repository.config.RepositoryConfigurationDelegate [restartedMain] Finished Spring Data repository scanning in 35 ms. Found 7 MongoDB repository interfaces.
2024-08-24 17:38:54,185 INFO org.springframework.boot.web.embedded.tomcat.TomcatWebServer [restartedMain] Tomcat initialized with port(s): 8888 (http)
2024-08-24 17:38:54,192 INFO org.apache.juli.logging.DirectJDKLog [restartedMain] Initializing ProtocolHandler ["http-nio-8888"]
2024-08-24 17:38:54,192 INFO org.apache.juli.logging.DirectJDKLog [restartedMain] Starting service [Tomcat]
2024-08-24 17:38:54,192 INFO org.apache.juli.logging.DirectJDKLog [restartedMain] Starting Servlet engine: [Apache Tomcat/9.0.75]
2024-08-24 17:38:54,228 INFO org.apache.juli.logging.DirectJDKLog [restartedMain] Initializing Spring embedded WebApplicationContext
2024-08-24 17:38:54,229 INFO org.springframework.boot.web.servlet.context.ServletWebServerApplicationContext [restartedMain] Root WebApplicationContext: initialization completed in 988 ms
2024-08-24 17:38:54,345 INFO com.mongodb.diagnostics.logging.SLF4JLogger [restartedMain] MongoClient with metadata {"driver": {"name": "mongo-java-driver|sync|spring-boot", "version": "4.6.1"}, "os": {"type": "Linux", "name": "Linux", "architecture": "amd64", "version": "5.15.0-117-generic"}, "platform": "Java/Amazon.com Inc./1.8.0_422-b05"} created with settings MongoClientSettings{readPreference=primary, writeConcern=WriteConcern{w=null, wTimeout=null ms, journal=null}, retryWrites=true, retryReads=true, readConcern=ReadConcern{level=null}, credential=null, streamFactoryFactory=null, commandListeners=[], codecRegistry=ProvidersCodecRegistry{codecProviders=[ValueCodecProvider{}, BsonValueCodecProvider{}, DBRefCodecProvider{}, DBObjectCodecProvider{}, DocumentCodecProvider{}, IterableCodecProvider{}, MapCodecProvider{}, GeoJsonCodecProvider{}, GridFSFileCodecProvider{}, Jsr310CodecProvider{}, JsonObjectCodecProvider{}, BsonCodecProvider{}, EnumCodecProvider{}, com.mongodb.Jep395RecordCodecProvider@1b6082ac]}, clusterSettings={hosts=[localhost:27017], srvServiceName=mongodb, mode=SINGLE, requiredClusterType=UNKNOWN, requiredReplicaSetName='null', serverSelector='null', clusterListeners='[]', serverSelectionTimeout='30000 ms', localThreshold='30000 ms'}, socketSettings=SocketSettings{connectTimeoutMS=10000, readTimeoutMS=0, receiveBufferSize=0, sendBufferSize=0}, heartbeatSocketSettings=SocketSettings{connectTimeoutMS=10000, readTimeoutMS=10000, receiveBufferSize=0, sendBufferSize=0}, connectionPoolSettings=ConnectionPoolSettings{maxSize=100, minSize=0, maxWaitTimeMS=120000, maxConnectionLifeTimeMS=0, maxConnectionIdleTimeMS=0, maintenanceInitialDelayMS=0, maintenanceFrequencyMS=60000, connectionPoolListeners=[], maxConnecting=2}, serverSettings=ServerSettings{heartbeatFrequencyMS=10000, minHeartbeatFrequencyMS=500, serverListeners='[]', serverMonitorListeners='[]'}, sslSettings=SslSettings{enabled=false, invalidHostNameAllowed=false, context=null}, applicationName='null', compressorList=[], uuidRepresentation=JAVA_LEGACY, serverApi=null, autoEncryptionSettings=null, contextProvider=null}
2024-08-24 17:38:54,352 INFO com.mongodb.diagnostics.logging.SLF4JLogger [cluster-ClusterId{value='66ca0c9e6f22987d9b12cbfa', description='null'}-localhost:27017] Opened connection [connectionId{localValue:2, serverValue:1}] to localhost:27017
2024-08-24 17:38:54,352 INFO com.mongodb.diagnostics.logging.SLF4JLogger [cluster-rtt-ClusterId{value='66ca0c9e6f22987d9b12cbfa', description='null'}-localhost:27017] Opened connection [connectionId{localValue:1, serverValue:2}] to localhost:27017
2024-08-24 17:38:54,353 INFO com.mongodb.diagnostics.logging.SLF4JLogger [cluster-ClusterId{value='66ca0c9e6f22987d9b12cbfa', description='null'}-localhost:27017] Monitor thread successfully connected to server with description ServerDescription{address=localhost:27017, type=STANDALONE, state=CONNECTED, ok=true, minWireVersion=0, maxWireVersion=21, maxDocumentSize=16777216, logicalSessionTimeoutMinutes=30, roundTripTimeNanos=14470520}
2024-08-24 17:38:54,666 INFO org.springframework.boot.devtools.autoconfigure.OptionalLiveReloadServer [restartedMain] LiveReload server is running on port 35729
2024-08-24 17:38:54,801 INFO com.mongodb.diagnostics.logging.SLF4JLogger [restartedMain] Opened connection [connectionId{localValue:3, serverValue:3}] to localhost:27017
2024-08-24 17:38:54,885 INFO org.springframework.security.web.DefaultSecurityFilterChain [restartedMain] Will secure any request with [org.springframework.security.web.session.DisableEncodeUrlFilter@4f93b33e, org.springframework.security.web.context.request.async.WebAsyncManagerIntegrationFilter@7a865383, org.springframework.security.web.context.SecurityContextPersistenceFilter@6a4913a2, org.springframework.security.web.header.HeaderWriterFilter@440c4d2a, org.springframework.web.filter.CorsFilter@10aac114, org.springframework.security.web.authentication.logout.LogoutFilter@58354d2b, com.daily.security.jwt.AuthTokenFilter@3189832c, org.springframework.security.web.savedrequest.RequestCacheAwareFilter@3594117c, org.springframework.security.web.servletapi.SecurityContextHolderAwareRequestFilter@775eb70f, org.springframework.security.web.authentication.AnonymousAuthenticationFilter@3a3731, org.springframework.security.web.session.SessionManagementFilter@1b4b2f56, org.springframework.security.web.access.ExceptionTranslationFilter@3862eec8, org.springframework.security.web.access.intercept.FilterSecurityInterceptor@76687906]
2024-08-24 17:38:55,615 INFO org.apache.juli.logging.DirectJDKLog [restartedMain] Starting ProtocolHandler ["http-nio-8888"]
2024-08-24 17:38:55,630 INFO org.springframework.boot.web.embedded.tomcat.TomcatWebServer [restartedMain] Tomcat started on port(s): 8888 (http) with context path '/api/v1'
2024-08-24 17:38:55,637 INFO org.springframework.boot.StartupInfoLogger [restartedMain] Started Application in 2.688 seconds (JVM running for 3.093)
2024-08-24 17:39:01,269 INFO org.apache.juli.logging.DirectJDKLog [http-nio-8888-exec-1] Initializing Spring DispatcherServlet 'dispatcherServlet'
2024-08-24 17:39:01,269 INFO org.springframework.web.servlet.FrameworkServlet [http-nio-8888-exec-1] Initializing Servlet 'dispatcherServlet'
2024-08-24 17:39:01,270 INFO org.springframework.web.servlet.FrameworkServlet [http-nio-8888-exec-1] Completed initialization in 1 ms
2024-08-24 17:39:16,524 INFO com.mongodb.diagnostics.logging.SLF4JLogger [http-nio-8888-exec-6] Opened connection [connectionId{localValue:5, serverValue:5}] to localhost:27017
2024-08-24 17:39:16,524 INFO com.mongodb.diagnostics.logging.SLF4JLogger [http-nio-8888-exec-5] Opened connection [connectionId{localValue:4, serverValue:4}] to localhost:27017
2024-08-24 17:39:16,527 INFO com.mongodb.diagnostics.logging.SLF4JLogger [http-nio-8888-exec-4] Opened connection [connectionId{localValue:6, serverValue:6}] to localhost:27017
2024-08-24 17:39:16,529 INFO com.mongodb.diagnostics.logging.SLF4JLogger [http-nio-8888-exec-3] Opened connection [connectionId{localValue:7, serverValue:7}] to localhost:27017
2024-08-24 17:39:16,539 INFO com.mongodb.diagnostics.logging.SLF4JLogger [http-nio-8888-exec-7] Opened connection [connectionId{localValue:8, serverValue:8}] to localhost:27017
2024-08-24 17:46:05,740 INFO com.mongodb.diagnostics.logging.SLF4JLogger [cluster-ClusterId{value='66ca0c9e6f22987d9b12cbfa', description='null'}-localhost:27017] Exception in monitor thread while connecting to server localhost:27017
com.mongodb.MongoNodeIsRecoveringException: Command failed with error 11600 (InterruptedAtShutdown): 'interrupted at shutdown' on server localhost:27017. The full response is {"ok": 0.0, "errmsg": "interrupted at shutdown", "code": 11600, "codeName": "InterruptedAtShutdown"}
	at com.mongodb.internal.connection.ProtocolHelper.createSpecialException(ProtocolHelper.java:266)
	at com.mongodb.internal.connection.ProtocolHelper.getCommandFailureException(ProtocolHelper.java:194)
	at com.mongodb.internal.connection.InternalStreamConnection.receiveCommandMessageResponse(InternalStreamConnection.java:413)
	at com.mongodb.internal.connection.InternalStreamConnection.receive(InternalStreamConnection.java:369)
	at com.mongodb.internal.connection.DefaultServerMonitor$ServerMonitorRunnable.lookupServerDescription(DefaultServerMonitor.java:221)
	at com.mongodb.internal.connection.DefaultServerMonitor$ServerMonitorRunnable.run(DefaultServerMonitor.java:157)
	at java.lang.Thread.run(Thread.java:750)
