2024-08-16 14:01:07,874 INFO org.hibernate.validator.internal.util.Version [background-preinit] HV000001: Hibernate Validator 6.2.5.Final
2024-08-16 14:01:07,886 INFO org.springframework.boot.StartupInfoLogger [restartedMain] Starting Application using Java 1.8.0_333 on DESKTOP-04AOD8V with PID 7788 (C:\Users\rraye\Desktop\FAVD\rayen\rayen\rayen\backend\spring\DAILY\target\classes started by rraye in C:\Users\rraye\Desktop\FAVD\rayen\rayen\rayen\backend\spring\DAILY)
2024-08-16 14:01:07,888 INFO org.springframework.boot.SpringApplication [restartedMain] No active profile set, falling back to 1 default profile: "default"
2024-08-16 14:01:07,942 INFO org.springframework.boot.logging.DeferredLog [restartedMain] Devtools property defaults active! Set 'spring.devtools.add-properties' to 'false' to disable
2024-08-16 14:01:07,943 INFO org.springframework.boot.logging.DeferredLog [restartedMain] For additional web related logging consider setting the 'logging.level.web' property to 'DEBUG'
2024-08-16 14:01:08,886 INFO org.springframework.data.repository.config.RepositoryConfigurationDelegate [restartedMain] Bootstrapping Spring Data MongoDB repositories in DEFAULT mode.
2024-08-16 14:01:08,992 INFO org.springframework.data.repository.config.RepositoryConfigurationDelegate [restartedMain] Finished Spring Data repository scanning in 98 ms. Found 7 MongoDB repository interfaces.
2024-08-16 14:01:10,194 INFO org.springframework.boot.web.embedded.tomcat.TomcatWebServer [restartedMain] Tomcat initialized with port(s): 8888 (http)
2024-08-16 14:01:10,205 INFO org.apache.juli.logging.DirectJDKLog [restartedMain] Initializing ProtocolHandler ["http-nio-8888"]
2024-08-16 14:01:10,206 INFO org.apache.juli.logging.DirectJDKLog [restartedMain] Starting service [Tomcat]
2024-08-16 14:01:10,206 INFO org.apache.juli.logging.DirectJDKLog [restartedMain] Starting Servlet engine: [Apache Tomcat/9.0.75]
2024-08-16 14:01:10,290 INFO org.apache.juli.logging.DirectJDKLog [restartedMain] Initializing Spring embedded WebApplicationContext
2024-08-16 14:01:10,291 INFO org.springframework.boot.web.servlet.context.ServletWebServerApplicationContext [restartedMain] Root WebApplicationContext: initialization completed in 2347 ms
2024-08-16 14:01:10,470 INFO com.mongodb.diagnostics.logging.SLF4JLogger [restartedMain] MongoClient with metadata {"driver": {"name": "mongo-java-driver|sync|spring-boot", "version": "4.6.1"}, "os": {"type": "Windows", "name": "Windows 11", "architecture": "amd64", "version": "10.0"}, "platform": "Java/Oracle Corporation/1.8.0_333-b02"} created with settings MongoClientSettings{readPreference=primary, writeConcern=WriteConcern{w=null, wTimeout=null ms, journal=null}, retryWrites=true, retryReads=true, readConcern=ReadConcern{level=null}, credential=null, streamFactoryFactory=null, commandListeners=[], codecRegistry=ProvidersCodecRegistry{codecProviders=[ValueCodecProvider{}, BsonValueCodecProvider{}, DBRefCodecProvider{}, DBObjectCodecProvider{}, DocumentCodecProvider{}, IterableCodecProvider{}, MapCodecProvider{}, GeoJsonCodecProvider{}, GridFSFileCodecProvider{}, Jsr310CodecProvider{}, JsonObjectCodecProvider{}, BsonCodecProvider{}, EnumCodecProvider{}, com.mongodb.Jep395RecordCodecProvider@2f4b55e4]}, clusterSettings={hosts=[localhost:27017], srvServiceName=mongodb, mode=SINGLE, requiredClusterType=UNKNOWN, requiredReplicaSetName='null', serverSelector='null', clusterListeners='[]', serverSelectionTimeout='30000 ms', localThreshold='30000 ms'}, socketSettings=SocketSettings{connectTimeoutMS=10000, readTimeoutMS=0, receiveBufferSize=0, sendBufferSize=0}, heartbeatSocketSettings=SocketSettings{connectTimeoutMS=10000, readTimeoutMS=10000, receiveBufferSize=0, sendBufferSize=0}, connectionPoolSettings=ConnectionPoolSettings{maxSize=100, minSize=0, maxWaitTimeMS=120000, maxConnectionLifeTimeMS=0, maxConnectionIdleTimeMS=0, maintenanceInitialDelayMS=0, maintenanceFrequencyMS=60000, connectionPoolListeners=[], maxConnecting=2}, serverSettings=ServerSettings{heartbeatFrequencyMS=10000, minHeartbeatFrequencyMS=500, serverListeners='[]', serverMonitorListeners='[]'}, sslSettings=SslSettings{enabled=false, invalidHostNameAllowed=false, context=null}, applicationName='null', compressorList=[], uuidRepresentation=JAVA_LEGACY, serverApi=null, autoEncryptionSettings=null, contextProvider=null}
2024-08-16 14:01:10,479 INFO com.mongodb.diagnostics.logging.SLF4JLogger [cluster-ClusterId{value='66bf4d96748af2526aa2b6f4', description='null'}-localhost:27017] Opened connection [connectionId{localValue:2, serverValue:20}] to localhost:27017
2024-08-16 14:01:10,479 INFO com.mongodb.diagnostics.logging.SLF4JLogger [cluster-rtt-ClusterId{value='66bf4d96748af2526aa2b6f4', description='null'}-localhost:27017] Opened connection [connectionId{localValue:1, serverValue:19}] to localhost:27017
2024-08-16 14:01:10,480 INFO com.mongodb.diagnostics.logging.SLF4JLogger [cluster-ClusterId{value='66bf4d96748af2526aa2b6f4', description='null'}-localhost:27017] Monitor thread successfully connected to server with description ServerDescription{address=localhost:27017, type=STANDALONE, state=CONNECTED, ok=true, minWireVersion=0, maxWireVersion=21, maxDocumentSize=16777216, logicalSessionTimeoutMinutes=30, roundTripTimeNanos=19601200}
2024-08-16 14:01:10,947 INFO org.springframework.boot.devtools.autoconfigure.OptionalLiveReloadServer [restartedMain] LiveReload server is running on port 35729
2024-08-16 14:01:11,244 INFO com.mongodb.diagnostics.logging.SLF4JLogger [restartedMain] Opened connection [connectionId{localValue:3, serverValue:21}] to localhost:27017
2024-08-16 14:01:11,271 INFO com.daily.ApplicationInit [restartedMain] Saving role: ROLE_ADMIN
2024-08-16 14:01:11,387 INFO com.daily.ApplicationInit [restartedMain] Saving role: ROLE_USER
2024-08-16 14:01:11,392 INFO com.daily.ApplicationInit [restartedMain] Creating Admin Account
2024-08-16 14:01:11,392 INFO com.daily.ApplicationInit [restartedMain] Username: admin
2024-08-16 14:01:11,392 INFO com.daily.ApplicationInit [restartedMain] Email: daily@mpfavd.fsjegj
2024-08-16 14:01:11,393 INFO com.daily.ApplicationInit [restartedMain] Password: 123456
2024-08-16 14:01:11,554 INFO com.daily.ApplicationInit [restartedMain] Admin account created successfully
2024-08-16 14:01:11,669 INFO org.springframework.security.web.DefaultSecurityFilterChain [restartedMain] Will secure any request with [org.springframework.security.web.session.DisableEncodeUrlFilter@4268e35a, org.springframework.security.web.context.request.async.WebAsyncManagerIntegrationFilter@5f139104, org.springframework.security.web.context.SecurityContextPersistenceFilter@24bf8b77, org.springframework.security.web.header.HeaderWriterFilter@72649299, org.springframework.web.filter.CorsFilter@62faba35, org.springframework.security.web.authentication.logout.LogoutFilter@4bbe5ed1, com.daily.security.jwt.AuthTokenFilter@151b9ef3, org.springframework.security.web.savedrequest.RequestCacheAwareFilter@1e97a246, org.springframework.security.web.servletapi.SecurityContextHolderAwareRequestFilter@7e3f5624, org.springframework.security.web.authentication.AnonymousAuthenticationFilter@2abb489e, org.springframework.security.web.session.SessionManagementFilter@35dbbbb4, org.springframework.security.web.access.ExceptionTranslationFilter@4a15f8b1, org.springframework.security.web.access.intercept.FilterSecurityInterceptor@2e46640f]
2024-08-16 14:01:12,640 INFO org.apache.juli.logging.DirectJDKLog [restartedMain] Starting ProtocolHandler ["http-nio-8888"]
2024-08-16 14:01:12,655 INFO org.springframework.boot.web.embedded.tomcat.TomcatWebServer [restartedMain] Tomcat started on port(s): 8888 (http) with context path '/api/v1'
2024-08-16 14:01:12,664 INFO org.springframework.boot.StartupInfoLogger [restartedMain] Started Application in 5.151 seconds (JVM running for 5.77)
2024-08-16 14:02:27,332 INFO org.apache.juli.logging.DirectJDKLog [http-nio-8888-exec-7] Initializing Spring DispatcherServlet 'dispatcherServlet'
2024-08-16 14:02:27,333 INFO org.springframework.web.servlet.FrameworkServlet [http-nio-8888-exec-7] Initializing Servlet 'dispatcherServlet'
2024-08-16 14:02:27,335 INFO org.springframework.web.servlet.FrameworkServlet [http-nio-8888-exec-7] Completed initialization in 2 ms
2024-08-16 16:00:54,375 INFO com.mongodb.diagnostics.logging.SLF4JLogger [http-nio-8888-exec-10] Opened connection [connectionId{localValue:4, serverValue:22}] to localhost:27017
2024-08-16 16:11:22,987 INFO org.hibernate.validator.internal.util.Version [background-preinit] HV000001: Hibernate Validator 6.2.5.Final
2024-08-16 16:11:23,033 INFO org.springframework.boot.StartupInfoLogger [restartedMain] Starting Application using Java 1.8.0_333 on DESKTOP-04AOD8V with PID 18364 (C:\Users\rraye\Desktop\FAVD\rayen\rayen\rayen\backend\spring\DAILY\target\classes started by rraye in C:\Users\rraye\Desktop\FAVD\rayen\rayen\rayen\backend\spring\DAILY)
2024-08-16 16:11:23,035 INFO org.springframework.boot.SpringApplication [restartedMain] No active profile set, falling back to 1 default profile: "default"
2024-08-16 16:11:23,120 INFO org.springframework.boot.logging.DeferredLog [restartedMain] Devtools property defaults active! Set 'spring.devtools.add-properties' to 'false' to disable
2024-08-16 16:11:23,121 INFO org.springframework.boot.logging.DeferredLog [restartedMain] For additional web related logging consider setting the 'logging.level.web' property to 'DEBUG'
2024-08-16 16:11:23,891 INFO org.springframework.data.repository.config.RepositoryConfigurationDelegate [restartedMain] Bootstrapping Spring Data MongoDB repositories in DEFAULT mode.
2024-08-16 16:11:23,951 INFO org.springframework.data.repository.config.RepositoryConfigurationDelegate [restartedMain] Finished Spring Data repository scanning in 54 ms. Found 7 MongoDB repository interfaces.
2024-08-16 16:11:24,774 INFO org.springframework.boot.web.embedded.tomcat.TomcatWebServer [restartedMain] Tomcat initialized with port(s): 8888 (http)
2024-08-16 16:11:24,788 INFO org.apache.juli.logging.DirectJDKLog [restartedMain] Initializing ProtocolHandler ["http-nio-8888"]
2024-08-16 16:11:24,789 INFO org.apache.juli.logging.DirectJDKLog [restartedMain] Starting service [Tomcat]
2024-08-16 16:11:24,789 INFO org.apache.juli.logging.DirectJDKLog [restartedMain] Starting Servlet engine: [Apache Tomcat/9.0.75]
2024-08-16 16:11:24,895 INFO org.apache.juli.logging.DirectJDKLog [restartedMain] Initializing Spring embedded WebApplicationContext
2024-08-16 16:11:24,896 INFO org.springframework.boot.web.servlet.context.ServletWebServerApplicationContext [restartedMain] Root WebApplicationContext: initialization completed in 1774 ms
2024-08-16 16:11:25,148 INFO com.mongodb.diagnostics.logging.SLF4JLogger [restartedMain] MongoClient with metadata {"driver": {"name": "mongo-java-driver|sync|spring-boot", "version": "4.6.1"}, "os": {"type": "Windows", "name": "Windows 11", "architecture": "amd64", "version": "10.0"}, "platform": "Java/Oracle Corporation/1.8.0_333-b02"} created with settings MongoClientSettings{readPreference=primary, writeConcern=WriteConcern{w=null, wTimeout=null ms, journal=null}, retryWrites=true, retryReads=true, readConcern=ReadConcern{level=null}, credential=null, streamFactoryFactory=null, commandListeners=[], codecRegistry=ProvidersCodecRegistry{codecProviders=[ValueCodecProvider{}, BsonValueCodecProvider{}, DBRefCodecProvider{}, DBObjectCodecProvider{}, DocumentCodecProvider{}, IterableCodecProvider{}, MapCodecProvider{}, GeoJsonCodecProvider{}, GridFSFileCodecProvider{}, Jsr310CodecProvider{}, JsonObjectCodecProvider{}, BsonCodecProvider{}, EnumCodecProvider{}, com.mongodb.Jep395RecordCodecProvider@5e118532]}, clusterSettings={hosts=[localhost:27017], srvServiceName=mongodb, mode=SINGLE, requiredClusterType=UNKNOWN, requiredReplicaSetName='null', serverSelector='null', clusterListeners='[]', serverSelectionTimeout='30000 ms', localThreshold='30000 ms'}, socketSettings=SocketSettings{connectTimeoutMS=10000, readTimeoutMS=0, receiveBufferSize=0, sendBufferSize=0}, heartbeatSocketSettings=SocketSettings{connectTimeoutMS=10000, readTimeoutMS=10000, receiveBufferSize=0, sendBufferSize=0}, connectionPoolSettings=ConnectionPoolSettings{maxSize=100, minSize=0, maxWaitTimeMS=120000, maxConnectionLifeTimeMS=0, maxConnectionIdleTimeMS=0, maintenanceInitialDelayMS=0, maintenanceFrequencyMS=60000, connectionPoolListeners=[], maxConnecting=2}, serverSettings=ServerSettings{heartbeatFrequencyMS=10000, minHeartbeatFrequencyMS=500, serverListeners='[]', serverMonitorListeners='[]'}, sslSettings=SslSettings{enabled=false, invalidHostNameAllowed=false, context=null}, applicationName='null', compressorList=[], uuidRepresentation=JAVA_LEGACY, serverApi=null, autoEncryptionSettings=null, contextProvider=null}
2024-08-16 16:11:25,161 INFO com.mongodb.diagnostics.logging.SLF4JLogger [cluster-ClusterId{value='66bf6c1db1f0e173b09a9527', description='null'}-localhost:27017] Opened connection [connectionId{localValue:1, serverValue:23}] to localhost:27017
2024-08-16 16:11:25,161 INFO com.mongodb.diagnostics.logging.SLF4JLogger [cluster-rtt-ClusterId{value='66bf6c1db1f0e173b09a9527', description='null'}-localhost:27017] Opened connection [connectionId{localValue:2, serverValue:24}] to localhost:27017
2024-08-16 16:11:25,162 INFO com.mongodb.diagnostics.logging.SLF4JLogger [cluster-ClusterId{value='66bf6c1db1f0e173b09a9527', description='null'}-localhost:27017] Monitor thread successfully connected to server with description ServerDescription{address=localhost:27017, type=STANDALONE, state=CONNECTED, ok=true, minWireVersion=0, maxWireVersion=21, maxDocumentSize=16777216, logicalSessionTimeoutMinutes=30, roundTripTimeNanos=30390100}
2024-08-16 16:11:25,746 INFO org.springframework.boot.devtools.autoconfigure.OptionalLiveReloadServer [restartedMain] LiveReload server is running on port 35729
2024-08-16 16:11:25,992 INFO com.mongodb.diagnostics.logging.SLF4JLogger [restartedMain] Opened connection [connectionId{localValue:3, serverValue:25}] to localhost:27017
2024-08-16 16:11:26,157 INFO org.springframework.security.web.DefaultSecurityFilterChain [restartedMain] Will secure any request with [org.springframework.security.web.session.DisableEncodeUrlFilter@b06a3a4, org.springframework.security.web.context.request.async.WebAsyncManagerIntegrationFilter@7a0ae948, org.springframework.security.web.context.SecurityContextPersistenceFilter@ace32fa, org.springframework.security.web.header.HeaderWriterFilter@6da1e617, org.springframework.web.filter.CorsFilter@2b1df7af, org.springframework.security.web.authentication.logout.LogoutFilter@150782dd, com.daily.security.jwt.AuthTokenFilter@58c1c418, org.springframework.security.web.savedrequest.RequestCacheAwareFilter@50c6e5d5, org.springframework.security.web.servletapi.SecurityContextHolderAwareRequestFilter@2dfb1004, org.springframework.security.web.authentication.AnonymousAuthenticationFilter@319500d2, org.springframework.security.web.session.SessionManagementFilter@1673c895, org.springframework.security.web.access.ExceptionTranslationFilter@caccad5, org.springframework.security.web.access.intercept.FilterSecurityInterceptor@12cc663a]
2024-08-16 16:11:27,315 INFO org.apache.juli.logging.DirectJDKLog [restartedMain] Starting ProtocolHandler ["http-nio-8888"]
2024-08-16 16:11:27,336 INFO org.springframework.boot.web.embedded.tomcat.TomcatWebServer [restartedMain] Tomcat started on port(s): 8888 (http) with context path '/api/v1'
2024-08-16 16:11:27,347 INFO org.springframework.boot.StartupInfoLogger [restartedMain] Started Application in 4.827 seconds (JVM running for 5.476)
2024-08-16 16:11:27,443 INFO org.apache.juli.logging.DirectJDKLog [http-nio-8888-exec-1] Initializing Spring DispatcherServlet 'dispatcherServlet'
2024-08-16 16:11:27,443 INFO org.springframework.web.servlet.FrameworkServlet [http-nio-8888-exec-1] Initializing Servlet 'dispatcherServlet'
2024-08-16 16:11:27,444 INFO org.springframework.web.servlet.FrameworkServlet [http-nio-8888-exec-1] Completed initialization in 1 ms
2024-08-16 16:13:25,012 INFO org.hibernate.validator.internal.util.Version [background-preinit] HV000001: Hibernate Validator 6.2.5.Final
2024-08-16 16:13:25,027 INFO org.springframework.boot.StartupInfoLogger [restartedMain] Starting Application using Java 1.8.0_333 on DESKTOP-04AOD8V with PID 8828 (C:\Users\rraye\Desktop\FAVD\rayen\rayen\rayen\backend\spring\DAILY\target\classes started by rraye in C:\Users\rraye\Desktop\FAVD\rayen\rayen\rayen\backend\spring\DAILY)
2024-08-16 16:13:25,028 INFO org.springframework.boot.SpringApplication [restartedMain] No active profile set, falling back to 1 default profile: "default"
2024-08-16 16:13:25,076 INFO org.springframework.boot.logging.DeferredLog [restartedMain] Devtools property defaults active! Set 'spring.devtools.add-properties' to 'false' to disable
2024-08-16 16:13:25,077 INFO org.springframework.boot.logging.DeferredLog [restartedMain] For additional web related logging consider setting the 'logging.level.web' property to 'DEBUG'
2024-08-16 16:13:25,736 INFO org.springframework.data.repository.config.RepositoryConfigurationDelegate [restartedMain] Bootstrapping Spring Data MongoDB repositories in DEFAULT mode.
2024-08-16 16:13:25,795 INFO org.springframework.data.repository.config.RepositoryConfigurationDelegate [restartedMain] Finished Spring Data repository scanning in 54 ms. Found 7 MongoDB repository interfaces.
2024-08-16 16:13:26,540 INFO org.springframework.boot.web.embedded.tomcat.TomcatWebServer [restartedMain] Tomcat initialized with port(s): 8888 (http)
2024-08-16 16:13:26,549 INFO org.apache.juli.logging.DirectJDKLog [restartedMain] Initializing ProtocolHandler ["http-nio-8888"]
2024-08-16 16:13:26,550 INFO org.apache.juli.logging.DirectJDKLog [restartedMain] Starting service [Tomcat]
2024-08-16 16:13:26,550 INFO org.apache.juli.logging.DirectJDKLog [restartedMain] Starting Servlet engine: [Apache Tomcat/9.0.75]
2024-08-16 16:13:26,634 INFO org.apache.juli.logging.DirectJDKLog [restartedMain] Initializing Spring embedded WebApplicationContext
2024-08-16 16:13:26,634 INFO org.springframework.boot.web.servlet.context.ServletWebServerApplicationContext [restartedMain] Root WebApplicationContext: initialization completed in 1556 ms
2024-08-16 16:13:26,814 INFO com.mongodb.diagnostics.logging.SLF4JLogger [restartedMain] MongoClient with metadata {"driver": {"name": "mongo-java-driver|sync|spring-boot", "version": "4.6.1"}, "os": {"type": "Windows", "name": "Windows 11", "architecture": "amd64", "version": "10.0"}, "platform": "Java/Oracle Corporation/1.8.0_333-b02"} created with settings MongoClientSettings{readPreference=primary, writeConcern=WriteConcern{w=null, wTimeout=null ms, journal=null}, retryWrites=true, retryReads=true, readConcern=ReadConcern{level=null}, credential=null, streamFactoryFactory=null, commandListeners=[], codecRegistry=ProvidersCodecRegistry{codecProviders=[ValueCodecProvider{}, BsonValueCodecProvider{}, DBRefCodecProvider{}, DBObjectCodecProvider{}, DocumentCodecProvider{}, IterableCodecProvider{}, MapCodecProvider{}, GeoJsonCodecProvider{}, GridFSFileCodecProvider{}, Jsr310CodecProvider{}, JsonObjectCodecProvider{}, BsonCodecProvider{}, EnumCodecProvider{}, com.mongodb.Jep395RecordCodecProvider@dc1fd67]}, clusterSettings={hosts=[localhost:27017], srvServiceName=mongodb, mode=SINGLE, requiredClusterType=UNKNOWN, requiredReplicaSetName='null', serverSelector='null', clusterListeners='[]', serverSelectionTimeout='30000 ms', localThreshold='30000 ms'}, socketSettings=SocketSettings{connectTimeoutMS=10000, readTimeoutMS=0, receiveBufferSize=0, sendBufferSize=0}, heartbeatSocketSettings=SocketSettings{connectTimeoutMS=10000, readTimeoutMS=10000, receiveBufferSize=0, sendBufferSize=0}, connectionPoolSettings=ConnectionPoolSettings{maxSize=100, minSize=0, maxWaitTimeMS=120000, maxConnectionLifeTimeMS=0, maxConnectionIdleTimeMS=0, maintenanceInitialDelayMS=0, maintenanceFrequencyMS=60000, connectionPoolListeners=[], maxConnecting=2}, serverSettings=ServerSettings{heartbeatFrequencyMS=10000, minHeartbeatFrequencyMS=500, serverListeners='[]', serverMonitorListeners='[]'}, sslSettings=SslSettings{enabled=false, invalidHostNameAllowed=false, context=null}, applicationName='null', compressorList=[], uuidRepresentation=JAVA_LEGACY, serverApi=null, autoEncryptionSettings=null, contextProvider=null}
2024-08-16 16:13:26,827 INFO com.mongodb.diagnostics.logging.SLF4JLogger [cluster-ClusterId{value='66bf6c969109ff774c47767b', description='null'}-localhost:27017] Opened connection [connectionId{localValue:1, serverValue:27}] to localhost:27017
2024-08-16 16:13:26,827 INFO com.mongodb.diagnostics.logging.SLF4JLogger [cluster-rtt-ClusterId{value='66bf6c969109ff774c47767b', description='null'}-localhost:27017] Opened connection [connectionId{localValue:2, serverValue:26}] to localhost:27017
2024-08-16 16:13:26,827 INFO com.mongodb.diagnostics.logging.SLF4JLogger [cluster-ClusterId{value='66bf6c969109ff774c47767b', description='null'}-localhost:27017] Monitor thread successfully connected to server with description ServerDescription{address=localhost:27017, type=STANDALONE, state=CONNECTED, ok=true, minWireVersion=0, maxWireVersion=21, maxDocumentSize=16777216, logicalSessionTimeoutMinutes=30, roundTripTimeNanos=26462000}
2024-08-16 16:13:27,271 INFO org.springframework.boot.devtools.autoconfigure.OptionalLiveReloadServer [restartedMain] LiveReload server is running on port 35729
2024-08-16 16:13:27,505 INFO com.mongodb.diagnostics.logging.SLF4JLogger [restartedMain] Opened connection [connectionId{localValue:3, serverValue:28}] to localhost:27017
2024-08-16 16:13:27,625 INFO org.springframework.security.web.DefaultSecurityFilterChain [restartedMain] Will secure any request with [org.springframework.security.web.session.DisableEncodeUrlFilter@713c009d, org.springframework.security.web.context.request.async.WebAsyncManagerIntegrationFilter@13af13b4, org.springframework.security.web.context.SecurityContextPersistenceFilter@617a773a, org.springframework.security.web.header.HeaderWriterFilter@22435549, org.springframework.web.filter.CorsFilter@4de3aefb, org.springframework.security.web.authentication.logout.LogoutFilter@5a81fb2, com.daily.security.jwt.AuthTokenFilter@629c9295, org.springframework.security.web.savedrequest.RequestCacheAwareFilter@3299102f, org.springframework.security.web.servletapi.SecurityContextHolderAwareRequestFilter@1be3d7d5, org.springframework.security.web.authentication.AnonymousAuthenticationFilter@50319be4, org.springframework.security.web.session.SessionManagementFilter@75361f11, org.springframework.security.web.access.ExceptionTranslationFilter@2b8d39d, org.springframework.security.web.access.intercept.FilterSecurityInterceptor@51966cf2]
2024-08-16 16:13:28,635 INFO org.apache.juli.logging.DirectJDKLog [restartedMain] Starting ProtocolHandler ["http-nio-8888"]
2024-08-16 16:13:28,652 INFO org.springframework.boot.web.embedded.tomcat.TomcatWebServer [restartedMain] Tomcat started on port(s): 8888 (http) with context path '/api/v1'
2024-08-16 16:13:28,661 INFO org.springframework.boot.StartupInfoLogger [restartedMain] Started Application in 4.027 seconds (JVM running for 4.551)
2024-08-16 16:13:30,676 INFO org.apache.juli.logging.DirectJDKLog [http-nio-8888-exec-1] Initializing Spring DispatcherServlet 'dispatcherServlet'
2024-08-16 16:13:30,677 INFO org.springframework.web.servlet.FrameworkServlet [http-nio-8888-exec-1] Initializing Servlet 'dispatcherServlet'
2024-08-16 16:13:30,679 INFO org.springframework.web.servlet.FrameworkServlet [http-nio-8888-exec-1] Completed initialization in 2 ms
2024-08-16 16:18:29,463 INFO org.hibernate.validator.internal.util.Version [background-preinit] HV000001: Hibernate Validator 6.2.5.Final
2024-08-16 16:18:29,476 INFO org.springframework.boot.StartupInfoLogger [restartedMain] Starting Application using Java 1.8.0_333 on DESKTOP-04AOD8V with PID 7412 (C:\Users\rraye\Desktop\FAVD\rayen\rayen\rayen\backend\spring\DAILY\target\classes started by rraye in C:\Users\rraye\Desktop\FAVD\rayen\rayen\rayen\backend\spring\DAILY)
2024-08-16 16:18:29,477 INFO org.springframework.boot.SpringApplication [restartedMain] No active profile set, falling back to 1 default profile: "default"
2024-08-16 16:18:29,530 INFO org.springframework.boot.logging.DeferredLog [restartedMain] Devtools property defaults active! Set 'spring.devtools.add-properties' to 'false' to disable
2024-08-16 16:18:29,530 INFO org.springframework.boot.logging.DeferredLog [restartedMain] For additional web related logging consider setting the 'logging.level.web' property to 'DEBUG'
2024-08-16 16:18:30,232 INFO org.springframework.data.repository.config.RepositoryConfigurationDelegate [restartedMain] Bootstrapping Spring Data MongoDB repositories in DEFAULT mode.
2024-08-16 16:18:30,292 INFO org.springframework.data.repository.config.RepositoryConfigurationDelegate [restartedMain] Finished Spring Data repository scanning in 55 ms. Found 7 MongoDB repository interfaces.
2024-08-16 16:18:31,249 INFO org.springframework.boot.web.embedded.tomcat.TomcatWebServer [restartedMain] Tomcat initialized with port(s): 8888 (http)
2024-08-16 16:18:31,261 INFO org.apache.juli.logging.DirectJDKLog [restartedMain] Initializing ProtocolHandler ["http-nio-8888"]
2024-08-16 16:18:31,262 INFO org.apache.juli.logging.DirectJDKLog [restartedMain] Starting service [Tomcat]
2024-08-16 16:18:31,262 INFO org.apache.juli.logging.DirectJDKLog [restartedMain] Starting Servlet engine: [Apache Tomcat/9.0.75]
2024-08-16 16:18:31,350 INFO org.apache.juli.logging.DirectJDKLog [restartedMain] Initializing Spring embedded WebApplicationContext
2024-08-16 16:18:31,351 INFO org.springframework.boot.web.servlet.context.ServletWebServerApplicationContext [restartedMain] Root WebApplicationContext: initialization completed in 1820 ms
2024-08-16 16:18:31,558 INFO com.mongodb.diagnostics.logging.SLF4JLogger [restartedMain] MongoClient with metadata {"driver": {"name": "mongo-java-driver|sync|spring-boot", "version": "4.6.1"}, "os": {"type": "Windows", "name": "Windows 11", "architecture": "amd64", "version": "10.0"}, "platform": "Java/Oracle Corporation/1.8.0_333-b02"} created with settings MongoClientSettings{readPreference=primary, writeConcern=WriteConcern{w=null, wTimeout=null ms, journal=null}, retryWrites=true, retryReads=true, readConcern=ReadConcern{level=null}, credential=null, streamFactoryFactory=null, commandListeners=[], codecRegistry=ProvidersCodecRegistry{codecProviders=[ValueCodecProvider{}, BsonValueCodecProvider{}, DBRefCodecProvider{}, DBObjectCodecProvider{}, DocumentCodecProvider{}, IterableCodecProvider{}, MapCodecProvider{}, GeoJsonCodecProvider{}, GridFSFileCodecProvider{}, Jsr310CodecProvider{}, JsonObjectCodecProvider{}, BsonCodecProvider{}, EnumCodecProvider{}, com.mongodb.Jep395RecordCodecProvider@1473364e]}, clusterSettings={hosts=[localhost:27017], srvServiceName=mongodb, mode=SINGLE, requiredClusterType=UNKNOWN, requiredReplicaSetName='null', serverSelector='null', clusterListeners='[]', serverSelectionTimeout='30000 ms', localThreshold='30000 ms'}, socketSettings=SocketSettings{connectTimeoutMS=10000, readTimeoutMS=0, receiveBufferSize=0, sendBufferSize=0}, heartbeatSocketSettings=SocketSettings{connectTimeoutMS=10000, readTimeoutMS=10000, receiveBufferSize=0, sendBufferSize=0}, connectionPoolSettings=ConnectionPoolSettings{maxSize=100, minSize=0, maxWaitTimeMS=120000, maxConnectionLifeTimeMS=0, maxConnectionIdleTimeMS=0, maintenanceInitialDelayMS=0, maintenanceFrequencyMS=60000, connectionPoolListeners=[], maxConnecting=2}, serverSettings=ServerSettings{heartbeatFrequencyMS=10000, minHeartbeatFrequencyMS=500, serverListeners='[]', serverMonitorListeners='[]'}, sslSettings=SslSettings{enabled=false, invalidHostNameAllowed=false, context=null}, applicationName='null', compressorList=[], uuidRepresentation=JAVA_LEGACY, serverApi=null, autoEncryptionSettings=null, contextProvider=null}
2024-08-16 16:18:31,571 INFO com.mongodb.diagnostics.logging.SLF4JLogger [cluster-ClusterId{value='66bf6dc70580ad48e0b11977', description='null'}-localhost:27017] Opened connection [connectionId{localValue:1, serverValue:30}] to localhost:27017
2024-08-16 16:18:31,571 INFO com.mongodb.diagnostics.logging.SLF4JLogger [cluster-rtt-ClusterId{value='66bf6dc70580ad48e0b11977', description='null'}-localhost:27017] Opened connection [connectionId{localValue:2, serverValue:29}] to localhost:27017
2024-08-16 16:18:31,572 INFO com.mongodb.diagnostics.logging.SLF4JLogger [cluster-ClusterId{value='66bf6dc70580ad48e0b11977', description='null'}-localhost:27017] Monitor thread successfully connected to server with description ServerDescription{address=localhost:27017, type=STANDALONE, state=CONNECTED, ok=true, minWireVersion=0, maxWireVersion=21, maxDocumentSize=16777216, logicalSessionTimeoutMinutes=30, roundTripTimeNanos=21964100}
2024-08-16 16:18:32,071 INFO org.springframework.boot.devtools.autoconfigure.OptionalLiveReloadServer [restartedMain] LiveReload server is running on port 35729
2024-08-16 16:18:32,295 INFO com.mongodb.diagnostics.logging.SLF4JLogger [restartedMain] Opened connection [connectionId{localValue:3, serverValue:31}] to localhost:27017
2024-08-16 16:18:32,395 INFO org.springframework.security.web.DefaultSecurityFilterChain [restartedMain] Will secure any request with [org.springframework.security.web.session.DisableEncodeUrlFilter@3bed06b4, org.springframework.security.web.context.request.async.WebAsyncManagerIntegrationFilter@8bee93b, org.springframework.security.web.context.SecurityContextPersistenceFilter@7b0dddbd, org.springframework.security.web.header.HeaderWriterFilter@2fb5bef1, org.springframework.web.filter.CorsFilter@2d776929, org.springframework.security.web.authentication.logout.LogoutFilter@165faee0, com.daily.security.jwt.AuthTokenFilter@177aba6c, org.springframework.security.web.savedrequest.RequestCacheAwareFilter@13f251fd, org.springframework.security.web.servletapi.SecurityContextHolderAwareRequestFilter@158f05ed, org.springframework.security.web.authentication.AnonymousAuthenticationFilter@65519fd2, org.springframework.security.web.session.SessionManagementFilter@4a786e76, org.springframework.security.web.access.ExceptionTranslationFilter@65c89456, org.springframework.security.web.access.intercept.FilterSecurityInterceptor@d27d8fa]
2024-08-16 16:18:33,554 INFO org.apache.juli.logging.DirectJDKLog [restartedMain] Starting ProtocolHandler ["http-nio-8888"]
2024-08-16 16:18:33,574 INFO org.springframework.boot.web.embedded.tomcat.TomcatWebServer [restartedMain] Tomcat started on port(s): 8888 (http) with context path '/api/v1'
2024-08-16 16:18:33,584 INFO org.springframework.boot.StartupInfoLogger [restartedMain] Started Application in 4.507 seconds (JVM running for 5.073)
2024-08-16 16:18:33,669 INFO org.apache.juli.logging.DirectJDKLog [http-nio-8888-exec-1] Initializing Spring DispatcherServlet 'dispatcherServlet'
2024-08-16 16:18:33,670 INFO org.springframework.web.servlet.FrameworkServlet [http-nio-8888-exec-1] Initializing Servlet 'dispatcherServlet'
2024-08-16 16:18:33,671 INFO org.springframework.web.servlet.FrameworkServlet [http-nio-8888-exec-1] Completed initialization in 1 ms
2024-08-16 17:05:58,673 INFO org.hibernate.validator.internal.util.Version [background-preinit] HV000001: Hibernate Validator 6.2.5.Final
2024-08-16 17:05:58,674 INFO org.springframework.boot.StartupInfoLogger [restartedMain] Starting Application using Java 1.8.0_422 on marwen-B450M-DS3H with PID 445278 (/home/marwen/Documents/PC_DESKTOP/Documents/2MPFAVD/THESIS/rayen/backend/spring/DAILY/target/classes started by marwen in /home/marwen/Documents/PC_DESKTOP/Documents/2MPFAVD/THESIS/rayen/backend/spring/DAILY)
2024-08-16 17:05:58,675 INFO org.springframework.boot.SpringApplication [restartedMain] No active profile set, falling back to 1 default profile: "default"
2024-08-16 17:05:58,706 INFO org.springframework.boot.logging.DeferredLog [restartedMain] Devtools property defaults active! Set 'spring.devtools.add-properties' to 'false' to disable
2024-08-16 17:05:58,706 INFO org.springframework.boot.logging.DeferredLog [restartedMain] For additional web related logging consider setting the 'logging.level.web' property to 'DEBUG'
2024-08-16 17:05:59,133 INFO org.springframework.data.repository.config.RepositoryConfigurationDelegate [restartedMain] Bootstrapping Spring Data MongoDB repositories in DEFAULT mode.
2024-08-16 17:05:59,175 INFO org.springframework.data.repository.config.RepositoryConfigurationDelegate [restartedMain] Finished Spring Data repository scanning in 38 ms. Found 7 MongoDB repository interfaces.
2024-08-16 17:05:59,552 INFO org.springframework.boot.web.embedded.tomcat.TomcatWebServer [restartedMain] Tomcat initialized with port(s): 8888 (http)
2024-08-16 17:05:59,559 INFO org.apache.juli.logging.DirectJDKLog [restartedMain] Initializing ProtocolHandler ["http-nio-8888"]
2024-08-16 17:05:59,560 INFO org.apache.juli.logging.DirectJDKLog [restartedMain] Starting service [Tomcat]
2024-08-16 17:05:59,560 INFO org.apache.juli.logging.DirectJDKLog [restartedMain] Starting Servlet engine: [Apache Tomcat/9.0.75]
2024-08-16 17:05:59,602 INFO org.apache.juli.logging.DirectJDKLog [restartedMain] Initializing Spring embedded WebApplicationContext
2024-08-16 17:05:59,603 INFO org.springframework.boot.web.servlet.context.ServletWebServerApplicationContext [restartedMain] Root WebApplicationContext: initialization completed in 896 ms
2024-08-16 17:05:59,728 INFO com.mongodb.diagnostics.logging.SLF4JLogger [restartedMain] MongoClient with metadata {"driver": {"name": "mongo-java-driver|sync|spring-boot", "version": "4.6.1"}, "os": {"type": "Linux", "name": "Linux", "architecture": "amd64", "version": "5.15.0-117-generic"}, "platform": "Java/Amazon.com Inc./1.8.0_422-b05"} created with settings MongoClientSettings{readPreference=primary, writeConcern=WriteConcern{w=null, wTimeout=null ms, journal=null}, retryWrites=true, retryReads=true, readConcern=ReadConcern{level=null}, credential=null, streamFactoryFactory=null, commandListeners=[], codecRegistry=ProvidersCodecRegistry{codecProviders=[ValueCodecProvider{}, BsonValueCodecProvider{}, DBRefCodecProvider{}, DBObjectCodecProvider{}, DocumentCodecProvider{}, IterableCodecProvider{}, MapCodecProvider{}, GeoJsonCodecProvider{}, GridFSFileCodecProvider{}, Jsr310CodecProvider{}, JsonObjectCodecProvider{}, BsonCodecProvider{}, EnumCodecProvider{}, com.mongodb.Jep395RecordCodecProvider@56277e97]}, clusterSettings={hosts=[localhost:27017], srvServiceName=mongodb, mode=SINGLE, requiredClusterType=UNKNOWN, requiredReplicaSetName='null', serverSelector='null', clusterListeners='[]', serverSelectionTimeout='30000 ms', localThreshold='30000 ms'}, socketSettings=SocketSettings{connectTimeoutMS=10000, readTimeoutMS=0, receiveBufferSize=0, sendBufferSize=0}, heartbeatSocketSettings=SocketSettings{connectTimeoutMS=10000, readTimeoutMS=10000, receiveBufferSize=0, sendBufferSize=0}, connectionPoolSettings=ConnectionPoolSettings{maxSize=100, minSize=0, maxWaitTimeMS=120000, maxConnectionLifeTimeMS=0, maxConnectionIdleTimeMS=0, maintenanceInitialDelayMS=0, maintenanceFrequencyMS=60000, connectionPoolListeners=[], maxConnecting=2}, serverSettings=ServerSettings{heartbeatFrequencyMS=10000, minHeartbeatFrequencyMS=500, serverListeners='[]', serverMonitorListeners='[]'}, sslSettings=SslSettings{enabled=false, invalidHostNameAllowed=false, context=null}, applicationName='null', compressorList=[], uuidRepresentation=JAVA_LEGACY, serverApi=null, autoEncryptionSettings=null, contextProvider=null}
2024-08-16 17:05:59,738 INFO com.mongodb.diagnostics.logging.SLF4JLogger [cluster-ClusterId{value='66bf78e798f6e44fd84274e0', description='null'}-localhost:27017] Opened connection [connectionId{localValue:1, serverValue:1}] to localhost:27017
2024-08-16 17:05:59,738 INFO com.mongodb.diagnostics.logging.SLF4JLogger [cluster-rtt-ClusterId{value='66bf78e798f6e44fd84274e0', description='null'}-localhost:27017] Opened connection [connectionId{localValue:2, serverValue:2}] to localhost:27017
2024-08-16 17:05:59,738 INFO com.mongodb.diagnostics.logging.SLF4JLogger [cluster-ClusterId{value='66bf78e798f6e44fd84274e0', description='null'}-localhost:27017] Monitor thread successfully connected to server with description ServerDescription{address=localhost:27017, type=STANDALONE, state=CONNECTED, ok=true, minWireVersion=0, maxWireVersion=21, maxDocumentSize=16777216, logicalSessionTimeoutMinutes=30, roundTripTimeNanos=15931953}
2024-08-16 17:06:00,060 INFO org.springframework.boot.devtools.autoconfigure.OptionalLiveReloadServer [restartedMain] LiveReload server is running on port 35729
2024-08-16 17:06:00,200 INFO com.mongodb.diagnostics.logging.SLF4JLogger [restartedMain] Opened connection [connectionId{localValue:3, serverValue:3}] to localhost:27017
2024-08-16 17:06:00,276 INFO org.springframework.security.web.DefaultSecurityFilterChain [restartedMain] Will secure any request with [org.springframework.security.web.session.DisableEncodeUrlFilter@f6f5b3a, org.springframework.security.web.context.request.async.WebAsyncManagerIntegrationFilter@7dccf662, org.springframework.security.web.context.SecurityContextPersistenceFilter@17f97f24, org.springframework.security.web.header.HeaderWriterFilter@67bf7ca8, org.springframework.web.filter.CorsFilter@47adec3f, org.springframework.security.web.authentication.logout.LogoutFilter@697fcb86, com.daily.security.jwt.AuthTokenFilter@532d0888, org.springframework.security.web.savedrequest.RequestCacheAwareFilter@2f8be381, org.springframework.security.web.servletapi.SecurityContextHolderAwareRequestFilter@2f4cbbb2, org.springframework.security.web.authentication.AnonymousAuthenticationFilter@43309170, org.springframework.security.web.session.SessionManagementFilter@583cb94c, org.springframework.security.web.access.ExceptionTranslationFilter@1d820f85, org.springframework.security.web.access.intercept.FilterSecurityInterceptor@2fbbbd48]
2024-08-16 17:06:00,997 INFO org.apache.juli.logging.DirectJDKLog [restartedMain] Starting ProtocolHandler ["http-nio-8888"]
2024-08-16 17:06:01,008 INFO org.springframework.boot.web.embedded.tomcat.TomcatWebServer [restartedMain] Tomcat started on port(s): 8888 (http) with context path '/api/v1'
2024-08-16 17:06:01,015 INFO org.springframework.boot.StartupInfoLogger [restartedMain] Started Application in 2.562 seconds (JVM running for 2.961)
2024-08-16 17:06:03,726 INFO org.apache.juli.logging.DirectJDKLog [http-nio-8888-exec-1] Initializing Spring DispatcherServlet 'dispatcherServlet'
2024-08-16 17:06:03,726 INFO org.springframework.web.servlet.FrameworkServlet [http-nio-8888-exec-1] Initializing Servlet 'dispatcherServlet'
2024-08-16 17:06:03,727 INFO org.springframework.web.servlet.FrameworkServlet [http-nio-8888-exec-1] Completed initialization in 1 ms
2024-08-16 17:30:26,001 INFO com.mongodb.diagnostics.logging.SLF4JLogger [http-nio-8888-exec-5] Opened connection [connectionId{localValue:4, serverValue:4}] to localhost:27017
2024-08-16 20:00:14,416 INFO com.mongodb.diagnostics.logging.SLF4JLogger [http-nio-8888-exec-3] Opened connection [connectionId{localValue:5, serverValue:5}] to localhost:27017
2024-08-16 20:00:14,417 INFO com.mongodb.diagnostics.logging.SLF4JLogger [http-nio-8888-exec-6] Opened connection [connectionId{localValue:6, serverValue:6}] to localhost:27017
2024-08-16 21:14:50,273 INFO com.mongodb.diagnostics.logging.SLF4JLogger [cluster-ClusterId{value='66bf78e798f6e44fd84274e0', description='null'}-localhost:27017] Exception in monitor thread while connecting to server localhost:27017
com.mongodb.MongoNodeIsRecoveringException: Command failed with error 11600 (InterruptedAtShutdown): 'interrupted at shutdown' on server localhost:27017. The full response is {"ok": 0.0, "errmsg": "interrupted at shutdown", "code": 11600, "codeName": "InterruptedAtShutdown"}
	at com.mongodb.internal.connection.ProtocolHelper.createSpecialException(ProtocolHelper.java:266)
	at com.mongodb.internal.connection.ProtocolHelper.getCommandFailureException(ProtocolHelper.java:194)
	at com.mongodb.internal.connection.InternalStreamConnection.receiveCommandMessageResponse(InternalStreamConnection.java:413)
	at com.mongodb.internal.connection.InternalStreamConnection.receive(InternalStreamConnection.java:369)
	at com.mongodb.internal.connection.DefaultServerMonitor$ServerMonitorRunnable.lookupServerDescription(DefaultServerMonitor.java:221)
	at com.mongodb.internal.connection.DefaultServerMonitor$ServerMonitorRunnable.run(DefaultServerMonitor.java:157)
	at java.lang.Thread.run(Thread.java:750)
2024-08-16 23:54:00,133 INFO org.hibernate.validator.internal.util.Version [background-preinit] HV000001: Hibernate Validator 6.2.5.Final
2024-08-16 23:54:00,134 INFO org.springframework.boot.StartupInfoLogger [restartedMain] Starting Application using Java 1.8.0_422 on marwen-B450M-DS3H with PID 14645 (/home/marwen/Documents/PC_DESKTOP/Documents/2MPFAVD/THESIS/rayen/backend/spring/DAILY/target/classes started by marwen in /home/marwen/Documents/PC_DESKTOP/Documents/2MPFAVD/THESIS/rayen/backend/spring/DAILY)
2024-08-16 23:54:00,135 INFO org.springframework.boot.SpringApplication [restartedMain] No active profile set, falling back to 1 default profile: "default"
2024-08-16 23:54:00,167 INFO org.springframework.boot.logging.DeferredLog [restartedMain] Devtools property defaults active! Set 'spring.devtools.add-properties' to 'false' to disable
2024-08-16 23:54:00,168 INFO org.springframework.boot.logging.DeferredLog [restartedMain] For additional web related logging consider setting the 'logging.level.web' property to 'DEBUG'
2024-08-16 23:54:00,624 INFO org.springframework.data.repository.config.RepositoryConfigurationDelegate [restartedMain] Bootstrapping Spring Data MongoDB repositories in DEFAULT mode.
2024-08-16 23:54:00,661 INFO org.springframework.data.repository.config.RepositoryConfigurationDelegate [restartedMain] Finished Spring Data repository scanning in 33 ms. Found 7 MongoDB repository interfaces.
2024-08-16 23:54:01,055 INFO org.springframework.boot.web.embedded.tomcat.TomcatWebServer [restartedMain] Tomcat initialized with port(s): 8888 (http)
2024-08-16 23:54:01,061 INFO org.apache.juli.logging.DirectJDKLog [restartedMain] Initializing ProtocolHandler ["http-nio-8888"]
2024-08-16 23:54:01,062 INFO org.apache.juli.logging.DirectJDKLog [restartedMain] Starting service [Tomcat]
2024-08-16 23:54:01,062 INFO org.apache.juli.logging.DirectJDKLog [restartedMain] Starting Servlet engine: [Apache Tomcat/9.0.75]
2024-08-16 23:54:01,097 INFO org.apache.juli.logging.DirectJDKLog [restartedMain] Initializing Spring embedded WebApplicationContext
2024-08-16 23:54:01,097 INFO org.springframework.boot.web.servlet.context.ServletWebServerApplicationContext [restartedMain] Root WebApplicationContext: initialization completed in 929 ms
2024-08-16 23:54:01,207 INFO com.mongodb.diagnostics.logging.SLF4JLogger [cluster-ClusterId{value='66bfd88947d80a461d2770c6', description='null'}-localhost:27017] Exception in monitor thread while connecting to server localhost:27017
com.mongodb.MongoSocketOpenException: Exception opening socket
	at com.mongodb.internal.connection.SocketStream.open(SocketStream.java:70)
	at com.mongodb.internal.connection.InternalStreamConnection.open(InternalStreamConnection.java:180)
	at com.mongodb.internal.connection.DefaultServerMonitor$ServerMonitorRunnable.lookupServerDescription(DefaultServerMonitor.java:193)
	at com.mongodb.internal.connection.DefaultServerMonitor$ServerMonitorRunnable.run(DefaultServerMonitor.java:157)
	at java.lang.Thread.run(Thread.java:750)
Caused by: java.net.ConnectException: Connection refused (Connection refused)
	at java.net.PlainSocketImpl.socketConnect(Native Method)
	at java.net.AbstractPlainSocketImpl.doConnect(AbstractPlainSocketImpl.java:350)
	at java.net.AbstractPlainSocketImpl.connectToAddress(AbstractPlainSocketImpl.java:206)
	at java.net.AbstractPlainSocketImpl.connect(AbstractPlainSocketImpl.java:188)
	at java.net.SocksSocketImpl.connect(SocksSocketImpl.java:392)
	at java.net.Socket.connect(Socket.java:607)
	at com.mongodb.internal.connection.SocketStreamHelper.initialize(SocketStreamHelper.java:107)
	at com.mongodb.internal.connection.SocketStream.initializeSocket(SocketStream.java:79)
	at com.mongodb.internal.connection.SocketStream.open(SocketStream.java:65)
	... 4 common frames omitted
2024-08-16 23:54:01,210 INFO com.mongodb.diagnostics.logging.SLF4JLogger [restartedMain] MongoClient with metadata {"driver": {"name": "mongo-java-driver|sync|spring-boot", "version": "4.6.1"}, "os": {"type": "Linux", "name": "Linux", "architecture": "amd64", "version": "5.15.0-117-generic"}, "platform": "Java/Amazon.com Inc./1.8.0_422-b05"} created with settings MongoClientSettings{readPreference=primary, writeConcern=WriteConcern{w=null, wTimeout=null ms, journal=null}, retryWrites=true, retryReads=true, readConcern=ReadConcern{level=null}, credential=null, streamFactoryFactory=null, commandListeners=[], codecRegistry=ProvidersCodecRegistry{codecProviders=[ValueCodecProvider{}, BsonValueCodecProvider{}, DBRefCodecProvider{}, DBObjectCodecProvider{}, DocumentCodecProvider{}, IterableCodecProvider{}, MapCodecProvider{}, GeoJsonCodecProvider{}, GridFSFileCodecProvider{}, Jsr310CodecProvider{}, JsonObjectCodecProvider{}, BsonCodecProvider{}, EnumCodecProvider{}, com.mongodb.Jep395RecordCodecProvider@5db25088]}, clusterSettings={hosts=[localhost:27017], srvServiceName=mongodb, mode=SINGLE, requiredClusterType=UNKNOWN, requiredReplicaSetName='null', serverSelector='null', clusterListeners='[]', serverSelectionTimeout='30000 ms', localThreshold='30000 ms'}, socketSettings=SocketSettings{connectTimeoutMS=10000, readTimeoutMS=0, receiveBufferSize=0, sendBufferSize=0}, heartbeatSocketSettings=SocketSettings{connectTimeoutMS=10000, readTimeoutMS=10000, receiveBufferSize=0, sendBufferSize=0}, connectionPoolSettings=ConnectionPoolSettings{maxSize=100, minSize=0, maxWaitTimeMS=120000, maxConnectionLifeTimeMS=0, maxConnectionIdleTimeMS=0, maintenanceInitialDelayMS=0, maintenanceFrequencyMS=60000, connectionPoolListeners=[], maxConnecting=2}, serverSettings=ServerSettings{heartbeatFrequencyMS=10000, minHeartbeatFrequencyMS=500, serverListeners='[]', serverMonitorListeners='[]'}, sslSettings=SslSettings{enabled=false, invalidHostNameAllowed=false, context=null}, applicationName='null', compressorList=[], uuidRepresentation=JAVA_LEGACY, serverApi=null, autoEncryptionSettings=null, contextProvider=null}
2024-08-16 23:54:01,551 INFO org.springframework.boot.devtools.autoconfigure.OptionalLiveReloadServer [restartedMain] LiveReload server is running on port 35729
2024-08-16 23:54:01,669 INFO com.mongodb.diagnostics.logging.SLF4JLogger [restartedMain] Cluster description not yet available. Waiting for 30000 ms before timing out
2024-08-16 23:54:13,724 INFO com.mongodb.diagnostics.logging.SLF4JLogger [cluster-ClusterId{value='66bfd88947d80a461d2770c6', description='null'}-localhost:27017] Opened connection [connectionId{localValue:28, serverValue:1}] to localhost:27017
2024-08-16 23:54:13,724 INFO com.mongodb.diagnostics.logging.SLF4JLogger [cluster-ClusterId{value='66bfd88947d80a461d2770c6', description='null'}-localhost:27017] Monitor thread successfully connected to server with description ServerDescription{address=localhost:27017, type=STANDALONE, state=CONNECTED, ok=true, minWireVersion=0, maxWireVersion=21, maxDocumentSize=16777216, logicalSessionTimeoutMinutes=30, roundTripTimeNanos=12972191}
2024-08-16 23:54:13,741 INFO com.mongodb.diagnostics.logging.SLF4JLogger [restartedMain] Opened connection [connectionId{localValue:29, serverValue:2}] to localhost:27017
2024-08-16 23:54:13,826 INFO org.springframework.security.web.DefaultSecurityFilterChain [restartedMain] Will secure any request with [org.springframework.security.web.session.DisableEncodeUrlFilter@6475fcc9, org.springframework.security.web.context.request.async.WebAsyncManagerIntegrationFilter@2618982d, org.springframework.security.web.context.SecurityContextPersistenceFilter@5dcf39e2, org.springframework.security.web.header.HeaderWriterFilter@7767a159, org.springframework.web.filter.CorsFilter@1ca93c7b, org.springframework.security.web.authentication.logout.LogoutFilter@7dcb14bc, com.daily.security.jwt.AuthTokenFilter@398b3cf7, org.springframework.security.web.savedrequest.RequestCacheAwareFilter@5e6221fe, org.springframework.security.web.servletapi.SecurityContextHolderAwareRequestFilter@383da3e8, org.springframework.security.web.authentication.AnonymousAuthenticationFilter@4dee940d, org.springframework.security.web.session.SessionManagementFilter@7e780105, org.springframework.security.web.access.ExceptionTranslationFilter@5c579164, org.springframework.security.web.access.intercept.FilterSecurityInterceptor@57d2afad]
2024-08-16 23:54:14,510 INFO org.apache.juli.logging.DirectJDKLog [restartedMain] Starting ProtocolHandler ["http-nio-8888"]
2024-08-16 23:54:14,523 INFO org.springframework.boot.web.embedded.tomcat.TomcatWebServer [restartedMain] Tomcat started on port(s): 8888 (http) with context path '/api/v1'
2024-08-16 23:54:14,531 INFO org.springframework.boot.StartupInfoLogger [restartedMain] Started Application in 14.634 seconds (JVM running for 15.12)
2024-08-16 23:54:20,971 INFO org.apache.juli.logging.DirectJDKLog [http-nio-8888-exec-2] Initializing Spring DispatcherServlet 'dispatcherServlet'
2024-08-16 23:54:20,971 INFO org.springframework.web.servlet.FrameworkServlet [http-nio-8888-exec-2] Initializing Servlet 'dispatcherServlet'
2024-08-16 23:54:20,972 INFO org.springframework.web.servlet.FrameworkServlet [http-nio-8888-exec-2] Completed initialization in 1 ms
2024-08-16 23:54:21,023 INFO com.mongodb.diagnostics.logging.SLF4JLogger [http-nio-8888-exec-2] Opened connection [connectionId{localValue:30, serverValue:3}] to localhost:27017
2024-08-16 23:54:21,213 INFO com.mongodb.diagnostics.logging.SLF4JLogger [cluster-rtt-ClusterId{value='66bfd88947d80a461d2770c6', description='null'}-localhost:27017] Opened connection [connectionId{localValue:31, serverValue:4}] to localhost:27017
