2024-08-18 00:19:59,586 INFO org.apache.juli.logging.DirectJDKLog [http-nio-8888-exec-3] Error parsing HTTP request header
 Note: further occurrences of HTTP request parsing errors will be logged at DEBUG level.
java.lang.IllegalArgumentException: Invalid character found in method name [MGLNDD_41.231.106.93_88880x0a...]. HTTP method names must be tokens
	at org.apache.coyote.http11.Http11InputBuffer.parseRequestLine(Http11InputBuffer.java:407)
	at org.apache.coyote.http11.Http11Processor.service(Http11Processor.java:263)
	at org.apache.coyote.AbstractProcessorLight.process(AbstractProcessorLight.java:63)
	at org.apache.coyote.AbstractProtocol$ConnectionHandler.process(AbstractProtocol.java:926)
	at org.apache.tomcat.util.net.NioEndpoint$SocketProcessor.doRun(NioEndpoint.java:1791)
	at org.apache.tomcat.util.net.SocketProcessorBase.run(SocketProcessorBase.java:52)
	at org.apache.tomcat.util.threads.ThreadPoolExecutor.runWorker(ThreadPoolExecutor.java:1191)
	at org.apache.tomcat.util.threads.ThreadPoolExecutor$Worker.run(ThreadPoolExecutor.java:659)
	at org.apache.tomcat.util.threads.TaskThread$WrappingRunnable.run(TaskThread.java:61)
	at java.lang.Thread.run(Thread.java:750)
2024-08-18 00:21:28,400 INFO org.hibernate.validator.internal.util.Version [background-preinit] HV000001: Hibernate Validator 6.2.5.Final
2024-08-18 00:21:28,401 INFO org.springframework.boot.StartupInfoLogger [restartedMain] Starting Application using Java 1.8.0_422 on marwen-B450M-DS3H with PID 62453 (/home/marwen/Documents/PC_DESKTOP/Documents/2MPFAVD/THESIS/rayen/backend/spring/DAILY/target/classes started by marwen in /home/marwen/Documents/PC_DESKTOP/Documents/2MPFAVD/THESIS/rayen/backend/spring/DAILY)
2024-08-18 00:21:28,402 INFO org.springframework.boot.SpringApplication [restartedMain] No active profile set, falling back to 1 default profile: "default"
2024-08-18 00:21:28,434 INFO org.springframework.boot.logging.DeferredLog [restartedMain] Devtools property defaults active! Set 'spring.devtools.add-properties' to 'false' to disable
2024-08-18 00:21:28,435 INFO org.springframework.boot.logging.DeferredLog [restartedMain] For additional web related logging consider setting the 'logging.level.web' property to 'DEBUG'
2024-08-18 00:21:28,944 INFO org.springframework.data.repository.config.RepositoryConfigurationDelegate [restartedMain] Bootstrapping Spring Data MongoDB repositories in DEFAULT mode.
2024-08-18 00:21:28,986 INFO org.springframework.data.repository.config.RepositoryConfigurationDelegate [restartedMain] Finished Spring Data repository scanning in 39 ms. Found 7 MongoDB repository interfaces.
2024-08-18 00:21:29,439 INFO org.springframework.boot.web.embedded.tomcat.TomcatWebServer [restartedMain] Tomcat initialized with port(s): 8888 (http)
2024-08-18 00:21:29,446 INFO org.apache.juli.logging.DirectJDKLog [restartedMain] Initializing ProtocolHandler ["http-nio-8888"]
2024-08-18 00:21:29,447 INFO org.apache.juli.logging.DirectJDKLog [restartedMain] Starting service [Tomcat]
2024-08-18 00:21:29,447 INFO org.apache.juli.logging.DirectJDKLog [restartedMain] Starting Servlet engine: [Apache Tomcat/9.0.75]
2024-08-18 00:21:29,485 INFO org.apache.juli.logging.DirectJDKLog [restartedMain] Initializing Spring embedded WebApplicationContext
2024-08-18 00:21:29,486 INFO org.springframework.boot.web.servlet.context.ServletWebServerApplicationContext [restartedMain] Root WebApplicationContext: initialization completed in 1051 ms
2024-08-18 00:21:29,597 INFO com.mongodb.diagnostics.logging.SLF4JLogger [restartedMain] MongoClient with metadata {"driver": {"name": "mongo-java-driver|sync|spring-boot", "version": "4.6.1"}, "os": {"type": "Linux", "name": "Linux", "architecture": "amd64", "version": "5.15.0-117-generic"}, "platform": "Java/Amazon.com Inc./1.8.0_422-b05"} created with settings MongoClientSettings{readPreference=primary, writeConcern=WriteConcern{w=null, wTimeout=null ms, journal=null}, retryWrites=true, retryReads=true, readConcern=ReadConcern{level=null}, credential=null, streamFactoryFactory=null, commandListeners=[], codecRegistry=ProvidersCodecRegistry{codecProviders=[ValueCodecProvider{}, BsonValueCodecProvider{}, DBRefCodecProvider{}, DBObjectCodecProvider{}, DocumentCodecProvider{}, IterableCodecProvider{}, MapCodecProvider{}, GeoJsonCodecProvider{}, GridFSFileCodecProvider{}, Jsr310CodecProvider{}, JsonObjectCodecProvider{}, BsonCodecProvider{}, EnumCodecProvider{}, com.mongodb.Jep395RecordCodecProvider@26719edf]}, clusterSettings={hosts=[localhost:27017], srvServiceName=mongodb, mode=SINGLE, requiredClusterType=UNKNOWN, requiredReplicaSetName='null', serverSelector='null', clusterListeners='[]', serverSelectionTimeout='30000 ms', localThreshold='30000 ms'}, socketSettings=SocketSettings{connectTimeoutMS=10000, readTimeoutMS=0, receiveBufferSize=0, sendBufferSize=0}, heartbeatSocketSettings=SocketSettings{connectTimeoutMS=10000, readTimeoutMS=10000, receiveBufferSize=0, sendBufferSize=0}, connectionPoolSettings=ConnectionPoolSettings{maxSize=100, minSize=0, maxWaitTimeMS=120000, maxConnectionLifeTimeMS=0, maxConnectionIdleTimeMS=0, maintenanceInitialDelayMS=0, maintenanceFrequencyMS=60000, connectionPoolListeners=[], maxConnecting=2}, serverSettings=ServerSettings{heartbeatFrequencyMS=10000, minHeartbeatFrequencyMS=500, serverListeners='[]', serverMonitorListeners='[]'}, sslSettings=SslSettings{enabled=false, invalidHostNameAllowed=false, context=null}, applicationName='null', compressorList=[], uuidRepresentation=JAVA_LEGACY, serverApi=null, autoEncryptionSettings=null, contextProvider=null}
2024-08-18 00:21:29,605 INFO com.mongodb.diagnostics.logging.SLF4JLogger [cluster-ClusterId{value='66c13079ec362c43ef021ce7', description='null'}-localhost:27017] Opened connection [connectionId{localValue:1, serverValue:20}] to localhost:27017
2024-08-18 00:21:29,605 INFO com.mongodb.diagnostics.logging.SLF4JLogger [cluster-rtt-ClusterId{value='66c13079ec362c43ef021ce7', description='null'}-localhost:27017] Opened connection [connectionId{localValue:2, serverValue:21}] to localhost:27017
2024-08-18 00:21:29,606 INFO com.mongodb.diagnostics.logging.SLF4JLogger [cluster-ClusterId{value='66c13079ec362c43ef021ce7', description='null'}-localhost:27017] Monitor thread successfully connected to server with description ServerDescription{address=localhost:27017, type=STANDALONE, state=CONNECTED, ok=true, minWireVersion=0, maxWireVersion=21, maxDocumentSize=16777216, logicalSessionTimeoutMinutes=30, roundTripTimeNanos=14788186}
2024-08-18 00:21:29,879 INFO org.springframework.boot.devtools.autoconfigure.OptionalLiveReloadServer [restartedMain] LiveReload server is running on port 35729
2024-08-18 00:21:30,009 INFO com.mongodb.diagnostics.logging.SLF4JLogger [restartedMain] Opened connection [connectionId{localValue:3, serverValue:22}] to localhost:27017
2024-08-18 00:21:30,076 INFO org.springframework.security.web.DefaultSecurityFilterChain [restartedMain] Will secure any request with [org.springframework.security.web.session.DisableEncodeUrlFilter@52877314, org.springframework.security.web.context.request.async.WebAsyncManagerIntegrationFilter@624be9c2, org.springframework.security.web.context.SecurityContextPersistenceFilter@647abad8, org.springframework.security.web.header.HeaderWriterFilter@101932bc, org.springframework.web.filter.CorsFilter@6dc01315, org.springframework.security.web.authentication.logout.LogoutFilter@24129a96, com.daily.security.jwt.AuthTokenFilter@6225ea3a, org.springframework.security.web.savedrequest.RequestCacheAwareFilter@867c9ed, org.springframework.security.web.servletapi.SecurityContextHolderAwareRequestFilter@1b4b2f56, org.springframework.security.web.authentication.AnonymousAuthenticationFilter@76687906, org.springframework.security.web.session.SessionManagementFilter@43eb8732, org.springframework.security.web.access.ExceptionTranslationFilter@91701f6, org.springframework.security.web.access.intercept.FilterSecurityInterceptor@691b3cea]
2024-08-18 00:21:30,850 INFO org.apache.juli.logging.DirectJDKLog [restartedMain] Starting ProtocolHandler ["http-nio-8888"]
2024-08-18 00:21:30,862 INFO org.springframework.boot.web.embedded.tomcat.TomcatWebServer [restartedMain] Tomcat started on port(s): 8888 (http) with context path '/api/v1'
2024-08-18 00:21:30,871 INFO org.springframework.boot.StartupInfoLogger [restartedMain] Started Application in 2.73 seconds (JVM running for 3.125)
2024-08-18 00:21:37,292 INFO org.apache.juli.logging.DirectJDKLog [http-nio-8888-exec-6] Initializing Spring DispatcherServlet 'dispatcherServlet'
2024-08-18 00:21:37,292 INFO org.springframework.web.servlet.FrameworkServlet [http-nio-8888-exec-6] Initializing Servlet 'dispatcherServlet'
2024-08-18 00:21:37,297 INFO org.springframework.web.servlet.FrameworkServlet [http-nio-8888-exec-6] Completed initialization in 4 ms
2024-08-18 00:21:37,359 INFO com.mongodb.diagnostics.logging.SLF4JLogger [http-nio-8888-exec-2] Opened connection [connectionId{localValue:8, serverValue:23}] to localhost:27017
2024-08-18 00:21:37,359 INFO com.mongodb.diagnostics.logging.SLF4JLogger [http-nio-8888-exec-4] Opened connection [connectionId{localValue:5, serverValue:24}] to localhost:27017
2024-08-18 00:21:37,362 INFO com.mongodb.diagnostics.logging.SLF4JLogger [http-nio-8888-exec-3] Opened connection [connectionId{localValue:7, serverValue:26}] to localhost:27017
2024-08-18 00:21:37,362 INFO com.mongodb.diagnostics.logging.SLF4JLogger [http-nio-8888-exec-1] Opened connection [connectionId{localValue:4, serverValue:25}] to localhost:27017
2024-08-18 00:21:37,368 INFO com.mongodb.diagnostics.logging.SLF4JLogger [http-nio-8888-exec-6] Opened connection [connectionId{localValue:6, serverValue:27}] to localhost:27017
2024-08-18 01:36:41,661 INFO com.mongodb.diagnostics.logging.SLF4JLogger [cluster-ClusterId{value='66c13079ec362c43ef021ce7', description='null'}-localhost:27017] Exception in monitor thread while connecting to server localhost:27017
com.mongodb.MongoNodeIsRecoveringException: Command failed with error 11600 (InterruptedAtShutdown): 'interrupted at shutdown' on server localhost:27017. The full response is {"ok": 0.0, "errmsg": "interrupted at shutdown", "code": 11600, "codeName": "InterruptedAtShutdown"}
	at com.mongodb.internal.connection.ProtocolHelper.createSpecialException(ProtocolHelper.java:266)
	at com.mongodb.internal.connection.ProtocolHelper.getCommandFailureException(ProtocolHelper.java:194)
	at com.mongodb.internal.connection.InternalStreamConnection.receiveCommandMessageResponse(InternalStreamConnection.java:413)
	at com.mongodb.internal.connection.InternalStreamConnection.receive(InternalStreamConnection.java:369)
	at com.mongodb.internal.connection.DefaultServerMonitor$ServerMonitorRunnable.lookupServerDescription(DefaultServerMonitor.java:221)
	at com.mongodb.internal.connection.DefaultServerMonitor$ServerMonitorRunnable.run(DefaultServerMonitor.java:157)
	at java.lang.Thread.run(Thread.java:750)
